<?xml version="1.0" encoding="UTF-8"?>
<coverage generated="1600902187056" clover="3.2.0">
  <project timestamp="1600902187056" name="All files">
    <metrics statements="2" coveredstatements="2" conditionals="0" coveredconditionals="0" methods="0" coveredmethods="0" elements="2" coveredelements="2" complexity="0" loc="2" ncloc="2" packages="1" files="2" classes="2"/>
    <file name="user.model.ts" path="/Users/pro/Projects/Church-Blog-API/src/models/User/user.model.ts">
      <metrics statements="1" coveredstatements="1" conditionals="0" coveredconditionals="0" methods="0" coveredmethods="0"/>
      <line num="5" count="1" type="stmt"/>
    </file>
    <file name="user.schema.ts" path="/Users/pro/Projects/Church-Blog-API/src/models/User/user.schema.ts">
      <metrics statements="1" coveredstatements="1" conditionals="0" coveredconditionals="0" methods="0" coveredmethods="0"/>
      <line num="3" count="1" type="stmt"/>
    </file>
  </project>
</coverage>
