{"/Users/pro/Projects/Church-Blog-API/src/models/User/user.model.ts": {"path":"/Users/pro/Projects/Church-Blog-API/src/models/User/user.model.ts","statementMap":{"0":{"start":{"line":5,"column":25},"end":{"line":5,"column":65}}},"fnMap":{},"branchMap":{},"s":{"0":1},"f":{},"b":{},"_coverageSchema":"1a1c01bbd47fc00a2c39e90264f33305004495a9","hash":"dbfb26cc3777eb6f2a1eba5817e16a5ec92948ef"}
,"/Users/pro/Projects/Church-Blog-API/src/models/User/user.schema.ts": {"path":"/Users/pro/Projects/Church-Blog-API/src/models/User/user.schema.ts","statementMap":{"0":{"start":{"line":3,"column":27},"end":{"line":24,"column":2}}},"fnMap":{},"branchMap":{},"s":{"0":1},"f":{},"b":{},"_coverageSchema":"1a1c01bbd47fc00a2c39e90264f33305004495a9","hash":"d5d526f360b55656b314b740b4f7e4384ef16236"}
}
